<?xml version="1.0" encoding="UTF-8"?>
<testsuite name="com.sungjun.api.service.MemberServiceCustomTest" tests="1" skipped="0" failures="0" errors="0" timestamp="2021-03-03T15:48:56" hostname="DESKTOP-FTPFA92" time="0.066">
  <properties/>
  <testcase name="save" classname="com.sungjun.api.service.MemberServiceCustomTest" time="0.066"/>
  <system-out><![CDATA[00:48:53.365 [Test worker] DEBUG org.springframework.test.context.junit4.SpringJUnit4ClassRunner - SpringJUnit4ClassRunner constructor called with [class com.sungjun.api.service.MemberServiceCustomTest]
00:48:53.370 [Test worker] DEBUG org.springframework.test.context.BootstrapUtils - Instantiating CacheAwareContextLoaderDelegate from class [org.springframework.test.context.cache.DefaultCacheAwareContextLoaderDelegate]
00:48:53.376 [Test worker] DEBUG org.springframework.test.context.BootstrapUtils - Instantiating BootstrapContext using constructor [public org.springframework.test.context.support.DefaultBootstrapContext(java.lang.Class,org.springframework.test.context.CacheAwareContextLoaderDelegate)]
00:48:53.388 [Test worker] DEBUG org.springframework.test.context.BootstrapUtils - Instantiating TestContextBootstrapper for test class [com.sungjun.api.service.MemberServiceCustomTest] from class [org.springframework.boot.test.context.SpringBootTestContextBootstrapper]
00:48:53.399 [Test worker] INFO org.springframework.boot.test.context.SpringBootTestContextBootstrapper - Neither @ContextConfiguration nor @ContextHierarchy found for test class [com.sungjun.api.service.MemberServiceCustomTest], using SpringBootContextLoader
00:48:53.401 [Test worker] DEBUG org.springframework.test.context.support.AbstractContextLoader - Did not detect default resource location for test class [com.sungjun.api.service.MemberServiceCustomTest]: class path resource [com/sungjun/api/service/MemberServiceCustomTest-context.xml] does not exist
00:48:53.401 [Test worker] DEBUG org.springframework.test.context.support.AbstractContextLoader - Did not detect default resource location for test class [com.sungjun.api.service.MemberServiceCustomTest]: class path resource [com/sungjun/api/service/MemberServiceCustomTestContext.groovy] does not exist
00:48:53.401 [Test worker] INFO org.springframework.test.context.support.AbstractContextLoader - Could not detect default resource locations for test class [com.sungjun.api.service.MemberServiceCustomTest]: no resource found for suffixes {-context.xml, Context.groovy}.
00:48:53.402 [Test worker] INFO org.springframework.test.context.support.AnnotationConfigContextLoaderUtils - Could not detect default configuration classes for test class [com.sungjun.api.service.MemberServiceCustomTest]: MemberServiceCustomTest does not declare any static, non-private, non-final, nested classes annotated with @Configuration.
00:48:53.429 [Test worker] DEBUG org.springframework.test.context.support.ActiveProfilesUtils - Could not find an 'annotation declaring class' for annotation type [org.springframework.test.context.ActiveProfiles] and class [com.sungjun.api.service.MemberServiceCustomTest]
00:48:53.478 [Test worker] DEBUG org.springframework.context.annotation.ClassPathScanningCandidateComponentProvider - Identified candidate component class: file [D:\project\gradle-multi-module-master\sample-api\build\classes\java\main\com\sungjun\api\SampleApiApplication.class]
00:48:53.479 [Test worker] INFO org.springframework.boot.test.context.SpringBootTestContextBootstrapper - Found @SpringBootConfiguration com.sungjun.api.SampleApiApplication for test class com.sungjun.api.service.MemberServiceCustomTest
00:48:53.543 [Test worker] DEBUG org.springframework.boot.test.context.SpringBootTestContextBootstrapper - @TestExecutionListeners is not present for class [com.sungjun.api.service.MemberServiceCustomTest]: using defaults.
00:48:53.543 [Test worker] INFO org.springframework.boot.test.context.SpringBootTestContextBootstrapper - Loaded default TestExecutionListener class names from location [META-INF/spring.factories]: [org.springframework.boot.test.autoconfigure.restdocs.RestDocsTestExecutionListener, org.springframework.boot.test.autoconfigure.web.client.MockRestServiceServerResetTestExecutionListener, org.springframework.boot.test.autoconfigure.web.servlet.MockMvcPrintOnlyOnFailureTestExecutionListener, org.springframework.boot.test.autoconfigure.web.servlet.WebDriverTestExecutionListener, org.springframework.boot.test.mock.mockito.MockitoTestExecutionListener, org.springframework.boot.test.mock.mockito.ResetMocksTestExecutionListener, org.springframework.test.context.web.ServletTestExecutionListener, org.springframework.test.context.support.DirtiesContextBeforeModesTestExecutionListener, org.springframework.test.context.support.DependencyInjectionTestExecutionListener, org.springframework.test.context.support.DirtiesContextTestExecutionListener, org.springframework.test.context.transaction.TransactionalTestExecutionListener, org.springframework.test.context.jdbc.SqlScriptsTestExecutionListener]
00:48:53.555 [Test worker] INFO org.springframework.boot.test.context.SpringBootTestContextBootstrapper - Using TestExecutionListeners: [org.springframework.test.context.web.ServletTestExecutionListener@3d2ad90, org.springframework.test.context.support.DirtiesContextBeforeModesTestExecutionListener@ec1d2d9, org.springframework.boot.test.mock.mockito.MockitoTestExecutionListener@788b7c2b, org.springframework.boot.test.autoconfigure.SpringBootDependencyInjectionTestExecutionListener@557d2d9a, org.springframework.test.context.support.DirtiesContextTestExecutionListener@43d5b488, org.springframework.test.context.transaction.TransactionalTestExecutionListener@4302f131, org.springframework.test.context.jdbc.SqlScriptsTestExecutionListener@604ba75e, org.springframework.boot.test.autoconfigure.restdocs.RestDocsTestExecutionListener@5ce65730, org.springframework.boot.test.autoconfigure.web.client.MockRestServiceServerResetTestExecutionListener@3279d9d0, org.springframework.boot.test.autoconfigure.web.servlet.MockMvcPrintOnlyOnFailureTestExecutionListener@66263dd7, org.springframework.boot.test.autoconfigure.web.servlet.WebDriverTestExecutionListener@5bea171a, org.springframework.boot.test.mock.mockito.ResetMocksTestExecutionListener@35db8480]
00:48:53.558 [Test worker] DEBUG org.springframework.test.annotation.ProfileValueUtils - Retrieved @ProfileValueSourceConfiguration [null] for test class [com.sungjun.api.service.MemberServiceCustomTest]
00:48:53.558 [Test worker] DEBUG org.springframework.test.annotation.ProfileValueUtils - Retrieved ProfileValueSource type [class org.springframework.test.annotation.SystemProfileValueSource] for class [com.sungjun.api.service.MemberServiceCustomTest]
00:48:53.560 [Test worker] DEBUG org.springframework.test.annotation.ProfileValueUtils - Retrieved @ProfileValueSourceConfiguration [null] for test class [com.sungjun.api.service.MemberServiceCustomTest]
00:48:53.560 [Test worker] DEBUG org.springframework.test.annotation.ProfileValueUtils - Retrieved ProfileValueSource type [class org.springframework.test.annotation.SystemProfileValueSource] for class [com.sungjun.api.service.MemberServiceCustomTest]
00:48:53.560 [Test worker] DEBUG org.springframework.test.annotation.ProfileValueUtils - Retrieved @ProfileValueSourceConfiguration [null] for test class [com.sungjun.api.service.MemberServiceCustomTest]
00:48:53.560 [Test worker] DEBUG org.springframework.test.annotation.ProfileValueUtils - Retrieved ProfileValueSource type [class org.springframework.test.annotation.SystemProfileValueSource] for class [com.sungjun.api.service.MemberServiceCustomTest]
00:48:53.563 [Test worker] DEBUG org.springframework.test.context.support.AbstractDirtiesContextTestExecutionListener - Before test class: context [DefaultTestContext@679fe7d6 testClass = MemberServiceCustomTest, testInstance = [null], testMethod = [null], testException = [null], mergedContextConfiguration = [WebMergedContextConfiguration@601455d4 testClass = MemberServiceCustomTest, locations = '{}', classes = '{class com.sungjun.api.SampleApiApplication}', contextInitializerClasses = '[]', activeProfiles = '{}', propertySourceLocations = '{}', propertySourceProperties = '{org.springframework.boot.test.context.SpringBootTestContextBootstrapper=true}', contextCustomizers = set[org.springframework.boot.test.autoconfigure.properties.PropertyMappingContextCustomizer@0, org.springframework.boot.test.autoconfigure.web.servlet.WebDriverContextCustomizerFactory$Customizer@7ad41cc3, org.springframework.boot.test.context.filter.ExcludeFilterContextCustomizer@27735f7f, org.springframework.boot.test.json.DuplicateJsonObjectContextCustomizerFactory$DuplicateJsonObjectContextCustomizer@5970a926, org.springframework.boot.test.mock.mockito.MockitoContextCustomizer@0, org.springframework.boot.test.web.client.TestRestTemplateContextCustomizer@4fa4f35], resourceBasePath = 'src/main/webapp', contextLoader = 'org.springframework.boot.test.context.SpringBootContextLoader', parent = [null]], attributes = map['org.springframework.test.context.web.ServletTestExecutionListener.activateListener' -> true]], class annotated with @DirtiesContext [false] with mode [null].
00:48:53.563 [Test worker] DEBUG org.springframework.test.annotation.ProfileValueUtils - Retrieved @ProfileValueSourceConfiguration [null] for test class [com.sungjun.api.service.MemberServiceCustomTest]
00:48:53.563 [Test worker] DEBUG org.springframework.test.annotation.ProfileValueUtils - Retrieved ProfileValueSource type [class org.springframework.test.annotation.SystemProfileValueSource] for class [com.sungjun.api.service.MemberServiceCustomTest]
00:48:53.577 [Test worker] DEBUG org.springframework.test.context.support.TestPropertySourceUtils - Adding inlined properties to environment: {spring.jmx.enabled=false, org.springframework.boot.test.context.SpringBootTestContextBootstrapper=true, server.port=-1}

  .   ____          _            __ _ _
 /\\ / ___'_ __ _ _(_)_ __  __ _ \ \ \ \
( ( )\___ | '_ | '_| | '_ \/ _` | \ \ \ \
 \\/  ___)| |_)| | | | | || (_| |  ) ) ) )
  '  |____| .__|_| |_|_| |_\__, | / / / /
 =========|_|==============|___/=/_/_/_/
 :: Spring Boot ::        (v2.1.3.RELEASE)

2021-03-04 00:48:53.761  INFO 11800 --- [    Test worker] c.s.api.service.MemberServiceCustomTest  : Starting MemberServiceCustomTest on DESKTOP-FTPFA92 with PID 11800 (started by WonSeok in D:\project\gradle-multi-module-master\sample-api)
2021-03-04 00:48:53.761  INFO 11800 --- [    Test worker] c.s.api.service.MemberServiceCustomTest  : No active profile set, falling back to default profiles: default
2021-03-04 00:48:54.060  INFO 11800 --- [    Test worker] .s.d.r.c.RepositoryConfigurationDelegate : Bootstrapping Spring Data repositories in DEFAULT mode.
2021-03-04 00:48:54.104  INFO 11800 --- [    Test worker] .s.d.r.c.RepositoryConfigurationDelegate : Finished Spring Data repository scanning in 38ms. Found 1 repository interfaces.
2021-03-04 00:48:54.416  INFO 11800 --- [    Test worker] trationDelegate$BeanPostProcessorChecker : Bean 'org.springframework.transaction.annotation.ProxyTransactionManagementConfiguration' of type [org.springframework.transaction.annotation.ProxyTransactionManagementConfiguration$$EnhancerBySpringCGLIB$$9ca14b9c] is not eligible for getting processed by all BeanPostProcessors (for example: not eligible for auto-proxying)
2021-03-04 00:48:54.558  INFO 11800 --- [    Test worker] com.zaxxer.hikari.HikariDataSource       : HikariPool-1 - Starting...
2021-03-04 00:48:54.713  INFO 11800 --- [    Test worker] com.zaxxer.hikari.HikariDataSource       : HikariPool-1 - Start completed.
2021-03-04 00:48:54.764  INFO 11800 --- [    Test worker] o.hibernate.jpa.internal.util.LogHelper  : HHH000204: Processing PersistenceUnitInfo [
	name: default
	...]
2021-03-04 00:48:54.811  INFO 11800 --- [    Test worker] org.hibernate.Version                    : HHH000412: Hibernate Core {5.3.7.Final}
2021-03-04 00:48:54.812  INFO 11800 --- [    Test worker] org.hibernate.cfg.Environment            : HHH000206: hibernate.properties not found
2021-03-04 00:48:54.913  INFO 11800 --- [    Test worker] o.hibernate.annotations.common.Version   : HCANN000001: Hibernate Commons Annotations {5.0.4.Final}
2021-03-04 00:48:55.012  INFO 11800 --- [    Test worker] org.hibernate.dialect.Dialect            : HHH000400: Using dialect: org.hibernate.dialect.H2Dialect
2021-03-04 00:48:55.461  INFO 11800 --- [    Test worker] o.h.t.schema.internal.SchemaCreatorImpl  : HHH000476: Executing import script 'org.hibernate.tool.schema.internal.exec.ScriptSourceInputNonExistentImpl@3b3e64da'
2021-03-04 00:48:55.464  INFO 11800 --- [    Test worker] j.LocalContainerEntityManagerFactoryBean : Initialized JPA EntityManagerFactory for persistence unit 'default'
2021-03-04 00:48:56.035  INFO 11800 --- [    Test worker] o.s.s.concurrent.ThreadPoolTaskExecutor  : Initializing ExecutorService 'applicationTaskExecutor'
2021-03-04 00:48:56.072  WARN 11800 --- [    Test worker] aWebConfiguration$JpaWebMvcConfiguration : spring.jpa.open-in-view is enabled by default. Therefore, database queries may be performed during view rendering. Explicitly configure spring.jpa.open-in-view to disable this warning
2021-03-04 00:48:56.275  INFO 11800 --- [    Test worker] c.s.api.service.MemberServiceCustomTest  : Started MemberServiceCustomTest in 2.693 seconds (JVM running for 3.391)
]]></system-out>
  <system-err><![CDATA[]]></system-err>
</testsuite>
