<?xml version="1.0" encoding="UTF-8"?>
<testsuite name="org.example.api.service.MemberServiceCustomTest" tests="1" skipped="0" failures="0" errors="0" timestamp="2021-03-03T15:53:44" hostname="DESKTOP-FTPFA92" time="0.068">
  <properties/>
  <testcase name="save" classname="org.example.api.service.MemberServiceCustomTest" time="0.068"/>
  <system-out><![CDATA[00:53:41.496 [Test worker] DEBUG org.springframework.test.context.junit4.SpringJUnit4ClassRunner - SpringJUnit4ClassRunner constructor called with [class org.example.api.service.MemberServiceCustomTest]
00:53:41.501 [Test worker] DEBUG org.springframework.test.context.BootstrapUtils - Instantiating CacheAwareContextLoaderDelegate from class [org.springframework.test.context.cache.DefaultCacheAwareContextLoaderDelegate]
00:53:41.506 [Test worker] DEBUG org.springframework.test.context.BootstrapUtils - Instantiating BootstrapContext using constructor [public org.springframework.test.context.support.DefaultBootstrapContext(java.lang.Class,org.springframework.test.context.CacheAwareContextLoaderDelegate)]
00:53:41.531 [Test worker] DEBUG org.springframework.test.context.BootstrapUtils - Instantiating TestContextBootstrapper for test class [org.example.api.service.MemberServiceCustomTest] from class [org.springframework.boot.test.context.SpringBootTestContextBootstrapper]
00:53:41.542 [Test worker] INFO org.springframework.boot.test.context.SpringBootTestContextBootstrapper - Neither @ContextConfiguration nor @ContextHierarchy found for test class [org.example.api.service.MemberServiceCustomTest], using SpringBootContextLoader
00:53:41.546 [Test worker] DEBUG org.springframework.test.context.support.AbstractContextLoader - Did not detect default resource location for test class [org.example.api.service.MemberServiceCustomTest]: class path resource [org/example/api/service/MemberServiceCustomTest-context.xml] does not exist
00:53:41.546 [Test worker] DEBUG org.springframework.test.context.support.AbstractContextLoader - Did not detect default resource location for test class [org.example.api.service.MemberServiceCustomTest]: class path resource [org/example/api/service/MemberServiceCustomTestContext.groovy] does not exist
00:53:41.546 [Test worker] INFO org.springframework.test.context.support.AbstractContextLoader - Could not detect default resource locations for test class [org.example.api.service.MemberServiceCustomTest]: no resource found for suffixes {-context.xml, Context.groovy}.
00:53:41.547 [Test worker] INFO org.springframework.test.context.support.AnnotationConfigContextLoaderUtils - Could not detect default configuration classes for test class [org.example.api.service.MemberServiceCustomTest]: MemberServiceCustomTest does not declare any static, non-private, non-final, nested classes annotated with @Configuration.
00:53:41.578 [Test worker] DEBUG org.springframework.test.context.support.ActiveProfilesUtils - Could not find an 'annotation declaring class' for annotation type [org.springframework.test.context.ActiveProfiles] and class [org.example.api.service.MemberServiceCustomTest]
00:53:41.632 [Test worker] DEBUG org.springframework.context.annotation.ClassPathScanningCandidateComponentProvider - Identified candidate component class: file [D:\project\sample-multi-modules\module-api\build\classes\java\main\org\example\api\SampleApiApplication.class]
00:53:41.632 [Test worker] INFO org.springframework.boot.test.context.SpringBootTestContextBootstrapper - Found @SpringBootConfiguration org.example.api.SampleApiApplication for test class org.example.api.service.MemberServiceCustomTest
00:53:41.704 [Test worker] DEBUG org.springframework.boot.test.context.SpringBootTestContextBootstrapper - @TestExecutionListeners is not present for class [org.example.api.service.MemberServiceCustomTest]: using defaults.
00:53:41.705 [Test worker] INFO org.springframework.boot.test.context.SpringBootTestContextBootstrapper - Loaded default TestExecutionListener class names from location [META-INF/spring.factories]: [org.springframework.boot.test.autoconfigure.restdocs.RestDocsTestExecutionListener, org.springframework.boot.test.autoconfigure.web.client.MockRestServiceServerResetTestExecutionListener, org.springframework.boot.test.autoconfigure.web.servlet.MockMvcPrintOnlyOnFailureTestExecutionListener, org.springframework.boot.test.autoconfigure.web.servlet.WebDriverTestExecutionListener, org.springframework.boot.test.autoconfigure.webservices.client.MockWebServiceServerTestExecutionListener, org.springframework.boot.test.mock.mockito.MockitoTestExecutionListener, org.springframework.boot.test.mock.mockito.ResetMocksTestExecutionListener, org.springframework.test.context.web.ServletTestExecutionListener, org.springframework.test.context.support.DirtiesContextBeforeModesTestExecutionListener, org.springframework.test.context.support.DependencyInjectionTestExecutionListener, org.springframework.test.context.support.DirtiesContextTestExecutionListener, org.springframework.test.context.transaction.TransactionalTestExecutionListener, org.springframework.test.context.jdbc.SqlScriptsTestExecutionListener, org.springframework.test.context.event.EventPublishingTestExecutionListener]
00:53:41.724 [Test worker] INFO org.springframework.boot.test.context.SpringBootTestContextBootstrapper - Using TestExecutionListeners: [org.springframework.test.context.web.ServletTestExecutionListener@3bee695, org.springframework.test.context.support.DirtiesContextBeforeModesTestExecutionListener@1829a138, org.springframework.boot.test.mock.mockito.MockitoTestExecutionListener@43ec5e8d, org.springframework.boot.test.autoconfigure.SpringBootDependencyInjectionTestExecutionListener@5d3dffe, org.springframework.test.context.support.DirtiesContextTestExecutionListener@71ad0b9f, org.springframework.test.context.transaction.TransactionalTestExecutionListener@24d844f3, org.springframework.test.context.jdbc.SqlScriptsTestExecutionListener@5616ed3, org.springframework.test.context.event.EventPublishingTestExecutionListener@1e567dae, org.springframework.boot.test.autoconfigure.restdocs.RestDocsTestExecutionListener@7be6c08, org.springframework.boot.test.autoconfigure.web.client.MockRestServiceServerResetTestExecutionListener@61a75fd0, org.springframework.boot.test.autoconfigure.web.servlet.MockMvcPrintOnlyOnFailureTestExecutionListener@6f3eb2c1, org.springframework.boot.test.autoconfigure.web.servlet.WebDriverTestExecutionListener@42a81985, org.springframework.boot.test.autoconfigure.webservices.client.MockWebServiceServerTestExecutionListener@3602f3f4, org.springframework.boot.test.mock.mockito.ResetMocksTestExecutionListener@6d00633b]
00:53:41.726 [Test worker] DEBUG org.springframework.test.annotation.ProfileValueUtils - Retrieved @ProfileValueSourceConfiguration [null] for test class [org.example.api.service.MemberServiceCustomTest]
00:53:41.727 [Test worker] DEBUG org.springframework.test.annotation.ProfileValueUtils - Retrieved ProfileValueSource type [class org.springframework.test.annotation.SystemProfileValueSource] for class [org.example.api.service.MemberServiceCustomTest]
00:53:41.728 [Test worker] DEBUG org.springframework.test.annotation.ProfileValueUtils - Retrieved @ProfileValueSourceConfiguration [null] for test class [org.example.api.service.MemberServiceCustomTest]
00:53:41.728 [Test worker] DEBUG org.springframework.test.annotation.ProfileValueUtils - Retrieved ProfileValueSource type [class org.springframework.test.annotation.SystemProfileValueSource] for class [org.example.api.service.MemberServiceCustomTest]
00:53:41.728 [Test worker] DEBUG org.springframework.test.annotation.ProfileValueUtils - Retrieved @ProfileValueSourceConfiguration [null] for test class [org.example.api.service.MemberServiceCustomTest]
00:53:41.728 [Test worker] DEBUG org.springframework.test.annotation.ProfileValueUtils - Retrieved ProfileValueSource type [class org.springframework.test.annotation.SystemProfileValueSource] for class [org.example.api.service.MemberServiceCustomTest]
00:53:41.731 [Test worker] DEBUG org.springframework.test.context.support.AbstractDirtiesContextTestExecutionListener - Before test class: context [DefaultTestContext@54c91817 testClass = MemberServiceCustomTest, testInstance = [null], testMethod = [null], testException = [null], mergedContextConfiguration = [WebMergedContextConfiguration@6b09dd93 testClass = MemberServiceCustomTest, locations = '{}', classes = '{class org.example.api.SampleApiApplication}', contextInitializerClasses = '[]', activeProfiles = '{}', propertySourceLocations = '{}', propertySourceProperties = '{org.springframework.boot.test.context.SpringBootTestContextBootstrapper=true}', contextCustomizers = set[org.springframework.boot.test.autoconfigure.properties.PropertyMappingContextCustomizer@0, org.springframework.boot.test.autoconfigure.web.servlet.WebDriverContextCustomizerFactory$Customizer@65d3c5c3, org.springframework.boot.test.context.filter.ExcludeFilterContextCustomizer@784f65cb, org.springframework.boot.test.json.DuplicateJsonObjectContextCustomizerFactory$DuplicateJsonObjectContextCustomizer@4a2e5303, org.springframework.boot.test.mock.mockito.MockitoContextCustomizer@0, org.springframework.boot.test.web.client.TestRestTemplateContextCustomizer@35c85f2e, org.springframework.boot.test.context.SpringBootTestArgs@1, org.springframework.boot.test.context.SpringBootTestWebEnvironment@599813d9], resourceBasePath = 'src/main/webapp', contextLoader = 'org.springframework.boot.test.context.SpringBootContextLoader', parent = [null]], attributes = map['org.springframework.test.context.web.ServletTestExecutionListener.activateListener' -> true]], class annotated with @DirtiesContext [false] with mode [null].
00:53:41.732 [Test worker] DEBUG org.springframework.test.annotation.ProfileValueUtils - Retrieved @ProfileValueSourceConfiguration [null] for test class [org.example.api.service.MemberServiceCustomTest]
00:53:41.732 [Test worker] DEBUG org.springframework.test.annotation.ProfileValueUtils - Retrieved ProfileValueSource type [class org.springframework.test.annotation.SystemProfileValueSource] for class [org.example.api.service.MemberServiceCustomTest]
00:53:41.745 [Test worker] DEBUG org.springframework.test.context.support.TestPropertySourceUtils - Adding inlined properties to environment: {spring.jmx.enabled=false, org.springframework.boot.test.context.SpringBootTestContextBootstrapper=true}

  .   ____          _            __ _ _
 /\\ / ___'_ __ _ _(_)_ __  __ _ \ \ \ \
( ( )\___ | '_ | '_| | '_ \/ _` | \ \ \ \
 \\/  ___)| |_)| | | | | || (_| |  ) ) ) )
  '  |____| .__|_| |_|_| |_\__, | / / / /
 =========|_|==============|___/=/_/_/_/
 :: Spring Boot ::        (v2.3.7.RELEASE)

2021-03-04 00:53:41.923  INFO 12928 --- [    Test worker] o.e.api.service.MemberServiceCustomTest  : Starting MemberServiceCustomTest on DESKTOP-FTPFA92 with PID 12928 (started by WonSeok in D:\project\sample-multi-modules\module-api)
2021-03-04 00:53:41.923  INFO 12928 --- [    Test worker] o.e.api.service.MemberServiceCustomTest  : No active profile set, falling back to default profiles: default
2021-03-04 00:53:42.210  INFO 12928 --- [    Test worker] .s.d.r.c.RepositoryConfigurationDelegate : Bootstrapping Spring Data JPA repositories in DEFAULT mode.
2021-03-04 00:53:42.248  INFO 12928 --- [    Test worker] .s.d.r.c.RepositoryConfigurationDelegate : Finished Spring Data repository scanning in 32ms. Found 1 JPA repository interfaces.
2021-03-04 00:53:42.696  INFO 12928 --- [    Test worker] com.zaxxer.hikari.HikariDataSource       : HikariPool-1 - Starting...
2021-03-04 00:53:42.849  INFO 12928 --- [    Test worker] com.zaxxer.hikari.HikariDataSource       : HikariPool-1 - Start completed.
2021-03-04 00:53:42.896  INFO 12928 --- [    Test worker] o.hibernate.jpa.internal.util.LogHelper  : HHH000204: Processing PersistenceUnitInfo [name: default]
2021-03-04 00:53:42.933  INFO 12928 --- [    Test worker] org.hibernate.Version                    : HHH000412: Hibernate ORM core version 5.4.25.Final
2021-03-04 00:53:43.038  INFO 12928 --- [    Test worker] o.hibernate.annotations.common.Version   : HCANN000001: Hibernate Commons Annotations {5.1.2.Final}
2021-03-04 00:53:43.136  INFO 12928 --- [    Test worker] org.hibernate.dialect.Dialect            : HHH000400: Using dialect: org.hibernate.dialect.H2Dialect
2021-03-04 00:53:43.565  INFO 12928 --- [    Test worker] o.h.e.t.j.p.i.JtaPlatformInitiator       : HHH000490: Using JtaPlatform implementation: [org.hibernate.engine.transaction.jta.platform.internal.NoJtaPlatform]
2021-03-04 00:53:43.571  INFO 12928 --- [    Test worker] j.LocalContainerEntityManagerFactoryBean : Initialized JPA EntityManagerFactory for persistence unit 'default'
2021-03-04 00:53:43.901  WARN 12928 --- [    Test worker] JpaBaseConfiguration$JpaWebConfiguration : spring.jpa.open-in-view is enabled by default. Therefore, database queries may be performed during view rendering. Explicitly configure spring.jpa.open-in-view to disable this warning
2021-03-04 00:53:44.068  INFO 12928 --- [    Test worker] o.s.s.concurrent.ThreadPoolTaskExecutor  : Initializing ExecutorService 'applicationTaskExecutor'
2021-03-04 00:53:44.283  INFO 12928 --- [    Test worker] o.e.api.service.MemberServiceCustomTest  : Started MemberServiceCustomTest in 2.532 seconds (JVM running for 3.264)
]]></system-out>
  <system-err><![CDATA[]]></system-err>
</testsuite>
